<?xml version="1.0" encoding="UTF-8"?>
<!-- Generated by org.testng.reporters.JUnitReportReporter -->
<testsuite hostname="Zahangir-Alam" failures="0" tests="1" name="com.eBay.tests.Buy" time="15.934" errors="0" timestamp="2022-02-09T01:24:06 BDT" skipped="0">
  <testcase classname="com.eBay.tests.Buy" name="buySection" time="15.934"/>
  <system-out/>
</testsuite> <!-- com.eBay.tests.Buy -->
