<?xml version="1.0" encoding="UTF-8"?>
<!-- Generated by org.testng.reporters.JUnitReportReporter -->
<testsuite hostname="Zahangir-Alam" failures="0" tests="1" name="com.eBay.tests.HomePageTest" time="1.731" errors="0" timestamp="2022-02-08T23:19:24 BDT" skipped="0">
  <testcase classname="com.eBay.tests.HomePageTest" name="homePageTest" time="1.731"/>
  <system-out/>
</testsuite> <!-- com.eBay.tests.HomePageTest -->
